=====================================
Iniciando mantenimiento nocturno: Mon Mar 23 11:00:01 PM CST 2026
Deteniendo app.py...
Ejecutando server.py...
/usr/bin/python3: can't open file '/home/lab-ia/Torniquete/server.py': [Errno 2] No such file or directory
Iniciando app.py...
Mantenimiento completado con éxito.
=====================================
=====================================
Iniciando mantenimiento nocturno: Tue Mar 24 11:00:01 PM CST 2026
Deteniendo app.py...
Ejecutando server.py...
/usr/bin/python3: can't open file '/home/lab-ia/Torniquete/server.py': [Errno 2] No such file or directory
Iniciando app.py...
Mantenimiento completado con éxito.
=====================================
=====================================
Iniciando mantenimiento nocturno: Tue Mar 24 11:00:01 PM CST 2026
Deteniendo app.py...
Ejecutando server.py...
/usr/bin/python3: can't open file '/home/lab-ia/Torniquete/server.py': [Errno 2] No such file or directory
Iniciando app.py...
Mantenimiento completado con éxito.
=====================================
=====================================
Iniciando mantenimiento nocturno: Wed Mar 25 11:00:01 PM CST 2026
Deteniendo app.py...
Ejecutando server.py...
/usr/bin/python3: can't open file '/home/lab-ia/Torniquete/server.py': [Errno 2] No such file or directory
Iniciando app.py...
Mantenimiento completado con éxito.
=====================================
=====================================
Iniciando mantenimiento nocturno: Fri Mar 27 11:00:01 PM CST 2026
Deteniendo app.py...
Ejecutando server.py...
/usr/bin/python3: can't open file '/home/lab-ia/Torniquete/server.py': [Errno 2] No such file or directory
Iniciando app.py...
Mantenimiento completado con éxito.
=====================================
=====================================
Iniciando mantenimiento nocturno: Sat Mar 28 11:00:01 PM CST 2026
Deteniendo app.py...
Ejecutando server.py...
/usr/bin/python3: can't open file '/home/lab-ia/Torniquete/server.py': [Errno 2] No such file or directory
Iniciando app.py...
Mantenimiento completado con éxito.
=====================================
=====================================
Iniciando mantenimiento nocturno: Sun Mar 29 11:00:01 PM CST 2026
Deteniendo app.py...
Ejecutando server.py...
/usr/bin/python3: can't open file '/home/lab-ia/Torniquete/server.py': [Errno 2] No such file or directory
Iniciando app.py...
Mantenimiento completado con éxito.
=====================================
=====================================
Iniciando mantenimiento nocturno: Mon Mar 30 11:00:01 PM CST 2026
Deteniendo app.py...
Ejecutando server.py...
/usr/bin/python3: can't open file '/home/lab-ia/Torniquete/server.py': [Errno 2] No such file or directory
Iniciando app.py...
Mantenimiento completado con éxito.
=====================================
=====================================
Iniciando mantenimiento nocturno: Tue Mar 31 11:00:01 PM CST 2026
Deteniendo app.py...
Ejecutando server.py...
/usr/bin/python3: can't open file '/home/lab-ia/Torniquete/server.py': [Errno 2] No such file or directory
Iniciando app.py...
Mantenimiento completado con éxito.
=====================================
=====================================
Iniciando mantenimiento nocturno: Wed Apr  1 11:00:01 PM CST 2026
Deteniendo app.py...
Warning: The unit file, source configuration file or drop-ins of app_torniquete.service changed on disk. Run 'systemctl daemon-reload' to reload units.
Ejecutando server.py...
/usr/bin/python3: can't open file '/home/lab-ia/Torniquete/server.py': [Errno 2] No such file or directory
Iniciando app.py...
Warning: The unit file, source configuration file or drop-ins of app_torniquete.service changed on disk. Run 'systemctl daemon-reload' to reload units.
Mantenimiento completado con éxito.
=====================================
